demo/build/outputs/logs/manifest-merger-debug-report.txt
-- Merging decision tree log ---
manifest
ADDED from PayDemo/demo/AndroidManifest.xml:2:1-66:12
	package
		ADDED from PayDemo/demo/AndroidManifest.xml:3:5-34
	android:versionName
		ADDED from PayDemo/demo/AndroidManifest.xml:5:5-32
		INJECTED from PayDemo/demo/AndroidManifest.xml
		INJECTED from PayDemo/demo/AndroidManifest.xml
	android:versionCode
		ADDED from PayDemo/demo/AndroidManifest.xml:4:5-28
		INJECTED from PayDemo/demo/AndroidManifest.xml
		INJECTED from PayDemo/demo/AndroidManifest.xml
	xmlns:android
		ADDED from PayDemo/demo/AndroidManifest.xml:2:11-69
uses-sdk
ADDED from PayDemo/demo/AndroidManifest.xml:7:5-9:41
	android:targetSdkVersion
		ADDED from PayDemo/demo/AndroidManifest.xml:9:9-38
	android:minSdkVersion
		ADDED from PayDemo/demo/AndroidManifest.xml:8:9-35
uses-permission#android.permission.BLUETOOTH_ADMIN
ADDED from PayDemo/demo/AndroidManifest.xml:11:5-74
	android:name
		ADDED from PayDemo/demo/AndroidManifest.xml:11:22-71
uses-permission#android.permission.BLUETOOTH
ADDED from PayDemo/demo/AndroidManifest.xml:12:5-68
	android:name
		ADDED from PayDemo/demo/AndroidManifest.xml:12:22-65
uses-permission#android.permission.INTERNET
ADDED from PayDemo/demo/AndroidManifest.xml:13:5-67
	android:name
		ADDED from PayDemo/demo/AndroidManifest.xml:13:22-64
uses-permission#android.permission.WRITE_EXTERNAL_STORAGE
ADDED from PayDemo/demo/AndroidManifest.xml:14:5-81
	android:name
		ADDED from PayDemo/demo/AndroidManifest.xml:14:22-78
application
ADDED from PayDemo/demo/AndroidManifest.xml:16:5-65:19
	android:label
		ADDED from PayDemo/demo/AndroidManifest.xml:20:9-41
	android:hardwareAccelerated
		ADDED from PayDemo/demo/AndroidManifest.xml:18:9-44
	android:icon
		ADDED from PayDemo/demo/AndroidManifest.xml:19:9-42
	android:theme
		ADDED from PayDemo/demo/AndroidManifest.xml:21:9-40
	android:name
		ADDED from PayDemo/demo/AndroidManifest.xml:17:9-57
activity#com.walktech.device.MainActivity
ADDED from PayDemo/demo/AndroidManifest.xml:23:9-28:20
	android:label
		ADDED from PayDemo/demo/AndroidManifest.xml:27:13-31
	android:configChanges
		ADDED from PayDemo/demo/AndroidManifest.xml:26:13-63
	android:theme
		ADDED from PayDemo/demo/AndroidManifest.xml:25:13-60
	android:name
		ADDED from PayDemo/demo/AndroidManifest.xml:24:13-60
activity#com.walktech.device.DeviceListActivity
ADDED from PayDemo/demo/AndroidManifest.xml:30:9-34:38
	android:label
		ADDED from PayDemo/demo/AndroidManifest.xml:34:13-35
	android:configChanges
		ADDED from PayDemo/demo/AndroidManifest.xml:33:13-63
	android:theme
		ADDED from PayDemo/demo/AndroidManifest.xml:32:13-60
	android:name
		ADDED from PayDemo/demo/AndroidManifest.xml:31:13-66
activity#com.walktech.device.CashDeskActivity
ADDED from PayDemo/demo/AndroidManifest.xml:36:9-47:20
	android:label
		ADDED from PayDemo/demo/AndroidManifest.xml:41:13-32
	android:windowSoftInputMode
		ADDED from PayDemo/demo/AndroidManifest.xml:40:13-68
	android:configChanges
		ADDED from PayDemo/demo/AndroidManifest.xml:39:13-63
	android:theme
		ADDED from PayDemo/demo/AndroidManifest.xml:38:13-60
	android:name
		ADDED from PayDemo/demo/AndroidManifest.xml:37:13-64
intent-filter#android.intent.action.MAIN+android.intent.category.LAUNCHER
ADDED from PayDemo/demo/AndroidManifest.xml:43:13-46:29
action#android.intent.action.MAIN
ADDED from PayDemo/demo/AndroidManifest.xml:44:17-69
	android:name
		ADDED from PayDemo/demo/AndroidManifest.xml:44:25-66
category#android.intent.category.LAUNCHER
ADDED from PayDemo/demo/AndroidManifest.xml:45:17-77
	android:name
		ADDED from PayDemo/demo/AndroidManifest.xml:45:27-74
activity#com.walktech.device.PayResultActivity
ADDED from PayDemo/demo/AndroidManifest.xml:49:9-54:14
	android:label
		ADDED from PayDemo/demo/AndroidManifest.xml:51:13-33
	android:configChanges
		ADDED from PayDemo/demo/AndroidManifest.xml:53:13-63
	android:theme
		ADDED from PayDemo/demo/AndroidManifest.xml:52:13-60
	android:name
		ADDED from PayDemo/demo/AndroidManifest.xml:50:13-65
activity#com.walktech.device.ModifyPasswordActivity
ADDED from PayDemo/demo/AndroidManifest.xml:59:9-63:36
	android:label
		ADDED from PayDemo/demo/AndroidManifest.xml:63:13-33
	android:configChanges
		ADDED from PayDemo/demo/AndroidManifest.xml:62:13-63
	android:theme
		ADDED from PayDemo/demo/AndroidManifest.xml:61:13-60
	android:name
		ADDED from PayDemo/demo/AndroidManifest.xml:60:13-70